<?xml version="1.0" encoding="UTF-8"?>
<!-- Generated by org.testng.reporters.JUnitXMLReporter -->
<testsuite ignored="3" hostname="SF-LAP-430" failures="0" tests="1" name="Default test" time="15.911" errors="0" timestamp="2024-05-16T15:25:59 IST">
  <testcase classname="org.selenium.qa.testcases.HomePageTest" name="verifyPIM" time="3.486"/>
  <testcase classname="org.selenium.qa.testcases.HomePageTest" name="verifyAdminTab" time="0.0">
    <ignored/>
  </testcase> <!-- verifyAdminTab -->
  <testcase classname="org.selenium.qa.testcases.HomePageTest" name="verifyHomePageTitle" time="0.0">
    <ignored/>
  </testcase> <!-- verifyHomePageTitle -->
  <testcase classname="org.selenium.qa.testcases.HomePageTest" name="verifyUserName" time="0.0">
    <ignored/>
  </testcase> <!-- verifyUserName -->
</testsuite> <!-- Default test -->
