<?xml version="1.0" encoding="UTF-8"?>
<!-- Generated by org.testng.reporters.JUnitXMLReporter -->
<testsuite ignored="0" hostname="SF-LAP-430" failures="0" tests="6" name=" Test Cases Execution" time="83.524" errors="0" timestamp="2024-05-17T10:54:14 IST">
  <testcase classname="org.selenium.qa.testcases.LoginPageTest" name="loginPageTitleTest" time="0.154"/>
  <testcase classname="org.selenium.qa.testcases.LoginPageTest" name="loginTest" time="5.083"/>
  <testcase classname="org.selenium.qa.testcases.HomePageTest" name="verifyHomePageTitle" time="1.183"/>
  <testcase classname="org.selenium.qa.testcases.HomePageTest" name="verifyUserName" time="1.647"/>
  <testcase classname="org.selenium.qa.testcases.HomePageTest" name="verifyAdminTab" time="25.022"/>
  <testcase classname="org.selenium.qa.testcases.HomePageTest" name="verifyPIM" time="2.881"/>
</testsuite> <!--  Test Cases Execution -->
