<?xml version="1.0" encoding="UTF-8"?>
<!-- Generated by org.testng.reporters.JUnitXMLReporter -->
<testsuite ignored="0" hostname="SF-LAP-430" failures="0" tests="6" name=" Test Cases Execution" time="93.695" errors="0" timestamp="2024-05-17T16:54:18 IST">
  <testcase classname="org.selenium.qa.testcases.LoginPageTest" name="loginPageTitleTest" time="0.234"/>
  <testcase classname="org.selenium.qa.testcases.LoginPageTest" name="loginTest" time="4.156"/>
  <testcase classname="org.selenium.qa.testcases.HomePageTest" name="verifyHomePageTitle" time="0.01"/>
  <testcase classname="org.selenium.qa.testcases.HomePageTest" name="verifyUserName" time="0.45"/>
  <testcase classname="org.selenium.qa.testcases.HomePageTest" name="verifyAdminTab" time="24.807"/>
  <testcase classname="org.selenium.qa.testcases.HomePageTest" name="verifyPIM" time="2.348"/>
</testsuite> <!--  Test Cases Execution -->
