<?xml version="1.0" encoding="UTF-8"?>
<testng-results ignored="0" total="6" passed="6" failed="0" skipped="0">
  <reporter-output>
  </reporter-output>
  <suite started-at="2024-05-16T15:54:49 IST" name="Test Automation" finished-at="2024-05-16T15:56:16 IST" duration-ms="87453">
    <groups>
    </groups>
    <test started-at="2024-05-16T15:54:49 IST" name=" Test Cases Execution" finished-at="2024-05-16T15:56:16 IST" duration-ms="87453">
      <class name="org.selenium.qa.testcases.HomePageTest">
        <test-method is-config="true" signature="setUp()[pri:0, instance:org.selenium.qa.testcases.HomePageTest@7cc586a8]" started-at="2024-05-16T15:55:08 IST" name="setUp" finished-at="2024-05-16T15:55:16 IST" duration-ms="8686" status="PASS">
          <reporter-output>
          </reporter-output>
        </test-method> <!-- setUp -->
        <test-method signature="verifyHomePageTitle()[pri:0, instance:org.selenium.qa.testcases.HomePageTest@7cc586a8]" started-at="2024-05-16T15:55:16 IST" name="verifyHomePageTitle" finished-at="2024-05-16T15:55:18 IST" duration-ms="1250" status="PASS">
          <reporter-output>
          </reporter-output>
        </test-method> <!-- verifyHomePageTitle -->
        <test-method is-config="true" signature="teraDown()[pri:0, instance:org.selenium.qa.testcases.HomePageTest@7cc586a8]" started-at="2024-05-16T15:55:18 IST" name="teraDown" finished-at="2024-05-16T15:55:18 IST" duration-ms="187" status="PASS">
          <reporter-output>
          </reporter-output>
        </test-method> <!-- teraDown -->
        <test-method is-config="true" signature="setUp()[pri:0, instance:org.selenium.qa.testcases.HomePageTest@7cc586a8]" started-at="2024-05-16T15:55:18 IST" name="setUp" finished-at="2024-05-16T15:55:28 IST" duration-ms="9985" status="PASS">
          <reporter-output>
          </reporter-output>
        </test-method> <!-- setUp -->
        <test-method signature="verifyUserName()[pri:1, instance:org.selenium.qa.testcases.HomePageTest@7cc586a8]" started-at="2024-05-16T15:55:28 IST" name="verifyUserName" finished-at="2024-05-16T15:55:28 IST" duration-ms="436" status="PASS">
          <reporter-output>
          </reporter-output>
        </test-method> <!-- verifyUserName -->
        <test-method is-config="true" signature="teraDown()[pri:0, instance:org.selenium.qa.testcases.HomePageTest@7cc586a8]" started-at="2024-05-16T15:55:28 IST" name="teraDown" finished-at="2024-05-16T15:55:29 IST" duration-ms="216" status="PASS">
          <reporter-output>
          </reporter-output>
        </test-method> <!-- teraDown -->
        <test-method is-config="true" signature="setUp()[pri:0, instance:org.selenium.qa.testcases.HomePageTest@7cc586a8]" started-at="2024-05-16T15:55:29 IST" name="setUp" finished-at="2024-05-16T15:55:38 IST" duration-ms="9270" status="PASS">
          <reporter-output>
          </reporter-output>
        </test-method> <!-- setUp -->
        <test-method signature="verifyAdminTab()[pri:2, instance:org.selenium.qa.testcases.HomePageTest@7cc586a8]" started-at="2024-05-16T15:55:38 IST" name="verifyAdminTab" finished-at="2024-05-16T15:56:03 IST" duration-ms="24979" status="PASS">
          <reporter-output>
          </reporter-output>
        </test-method> <!-- verifyAdminTab -->
        <test-method is-config="true" signature="teraDown()[pri:0, instance:org.selenium.qa.testcases.HomePageTest@7cc586a8]" started-at="2024-05-16T15:56:03 IST" name="teraDown" finished-at="2024-05-16T15:56:03 IST" duration-ms="190" status="PASS">
          <reporter-output>
          </reporter-output>
        </test-method> <!-- teraDown -->
        <test-method is-config="true" signature="setUp()[pri:0, instance:org.selenium.qa.testcases.HomePageTest@7cc586a8]" started-at="2024-05-16T15:56:03 IST" name="setUp" finished-at="2024-05-16T15:56:14 IST" duration-ms="10905" status="PASS">
          <reporter-output>
          </reporter-output>
        </test-method> <!-- setUp -->
        <test-method signature="verifyPIM()[pri:3, instance:org.selenium.qa.testcases.HomePageTest@7cc586a8]" started-at="2024-05-16T15:56:14 IST" name="verifyPIM" finished-at="2024-05-16T15:56:16 IST" duration-ms="2066" status="PASS">
          <reporter-output>
          </reporter-output>
        </test-method> <!-- verifyPIM -->
        <test-method is-config="true" signature="teraDown()[pri:0, instance:org.selenium.qa.testcases.HomePageTest@7cc586a8]" started-at="2024-05-16T15:56:16 IST" name="teraDown" finished-at="2024-05-16T15:56:16 IST" duration-ms="190" status="PASS">
          <reporter-output>
          </reporter-output>
        </test-method> <!-- teraDown -->
      </class> <!-- org.selenium.qa.testcases.HomePageTest -->
      <class name="org.selenium.qa.testcases.LoginPageTest">
        <test-method is-config="true" signature="setUp()[pri:0, instance:org.selenium.qa.testcases.LoginPageTest@46074492]" started-at="2024-05-16T15:54:49 IST" name="setUp" finished-at="2024-05-16T15:54:55 IST" duration-ms="6718" status="PASS">
          <reporter-output>
          </reporter-output>
        </test-method> <!-- setUp -->
        <test-method signature="loginPageTitleTest()[pri:1, instance:org.selenium.qa.testcases.LoginPageTest@46074492]" started-at="2024-05-16T15:54:55 IST" name="loginPageTitleTest" finished-at="2024-05-16T15:54:56 IST" duration-ms="219" status="PASS">
          <reporter-output>
          </reporter-output>
        </test-method> <!-- loginPageTitleTest -->
        <test-method is-config="true" signature="teraDown()[pri:0, instance:org.selenium.qa.testcases.LoginPageTest@46074492]" started-at="2024-05-16T15:54:56 IST" name="teraDown" finished-at="2024-05-16T15:54:56 IST" duration-ms="178" status="PASS">
          <reporter-output>
          </reporter-output>
        </test-method> <!-- teraDown -->
        <test-method is-config="true" signature="setUp()[pri:0, instance:org.selenium.qa.testcases.LoginPageTest@46074492]" started-at="2024-05-16T15:54:56 IST" name="setUp" finished-at="2024-05-16T15:55:01 IST" duration-ms="5069" status="PASS">
          <reporter-output>
          </reporter-output>
        </test-method> <!-- setUp -->
        <test-method signature="loginTest()[pri:2, instance:org.selenium.qa.testcases.LoginPageTest@46074492]" started-at="2024-05-16T15:55:01 IST" name="loginTest" finished-at="2024-05-16T15:55:07 IST" duration-ms="5688" status="PASS">
          <reporter-output>
          </reporter-output>
        </test-method> <!-- loginTest -->
        <test-method is-config="true" signature="teraDown()[pri:0, instance:org.selenium.qa.testcases.LoginPageTest@46074492]" started-at="2024-05-16T15:55:07 IST" name="teraDown" finished-at="2024-05-16T15:55:08 IST" duration-ms="1134" status="PASS">
          <reporter-output>
          </reporter-output>
        </test-method> <!-- teraDown -->
      </class> <!-- org.selenium.qa.testcases.LoginPageTest -->
    </test> <!--  Test Cases Execution -->
  </suite> <!-- Test Automation -->
</testng-results>
