<?xml version="1.0" encoding="UTF-8"?>
<testng-results ignored="0" total="6" passed="6" failed="0" skipped="0">
  <reporter-output>
  </reporter-output>
  <suite started-at="2024-05-17T10:52:51 IST" name="Test Automation" finished-at="2024-05-17T10:54:14 IST" duration-ms="83524">
    <groups>
    </groups>
    <test started-at="2024-05-17T10:52:51 IST" name=" Test Cases Execution" finished-at="2024-05-17T10:54:14 IST" duration-ms="83524">
      <class name="org.selenium.qa.testcases.HomePageTest">
        <test-method is-config="true" signature="setUp()[pri:0, instance:org.selenium.qa.testcases.HomePageTest@3591009c]" started-at="2024-05-17T10:53:09 IST" name="setUp" finished-at="2024-05-17T10:53:19 IST" duration-ms="9585" status="PASS">
          <reporter-output>
          </reporter-output>
        </test-method> <!-- setUp -->
        <test-method signature="verifyHomePageTitle()[pri:0, instance:org.selenium.qa.testcases.HomePageTest@3591009c]" started-at="2024-05-17T10:53:19 IST" name="verifyHomePageTitle" finished-at="2024-05-17T10:53:20 IST" duration-ms="1183" status="PASS">
          <reporter-output>
          </reporter-output>
        </test-method> <!-- verifyHomePageTitle -->
        <test-method is-config="true" signature="teraDown()[pri:0, instance:org.selenium.qa.testcases.HomePageTest@3591009c]" started-at="2024-05-17T10:53:20 IST" name="teraDown" finished-at="2024-05-17T10:53:20 IST" duration-ms="137" status="PASS">
          <reporter-output>
          </reporter-output>
        </test-method> <!-- teraDown -->
        <test-method is-config="true" signature="setUp()[pri:0, instance:org.selenium.qa.testcases.HomePageTest@3591009c]" started-at="2024-05-17T10:53:20 IST" name="setUp" finished-at="2024-05-17T10:53:28 IST" duration-ms="7409" status="PASS">
          <reporter-output>
          </reporter-output>
        </test-method> <!-- setUp -->
        <test-method signature="verifyUserName()[pri:1, instance:org.selenium.qa.testcases.HomePageTest@3591009c]" started-at="2024-05-17T10:53:28 IST" name="verifyUserName" finished-at="2024-05-17T10:53:29 IST" duration-ms="1647" status="PASS">
          <reporter-output>
          </reporter-output>
        </test-method> <!-- verifyUserName -->
        <test-method is-config="true" signature="teraDown()[pri:0, instance:org.selenium.qa.testcases.HomePageTest@3591009c]" started-at="2024-05-17T10:53:29 IST" name="teraDown" finished-at="2024-05-17T10:53:30 IST" duration-ms="160" status="PASS">
          <reporter-output>
          </reporter-output>
        </test-method> <!-- teraDown -->
        <test-method is-config="true" signature="setUp()[pri:0, instance:org.selenium.qa.testcases.HomePageTest@3591009c]" started-at="2024-05-17T10:53:30 IST" name="setUp" finished-at="2024-05-17T10:53:38 IST" duration-ms="8410" status="PASS">
          <reporter-output>
          </reporter-output>
        </test-method> <!-- setUp -->
        <test-method signature="verifyAdminTab()[pri:2, instance:org.selenium.qa.testcases.HomePageTest@3591009c]" started-at="2024-05-17T10:53:38 IST" name="verifyAdminTab" finished-at="2024-05-17T10:54:03 IST" duration-ms="25022" status="PASS">
          <reporter-output>
          </reporter-output>
        </test-method> <!-- verifyAdminTab -->
        <test-method is-config="true" signature="teraDown()[pri:0, instance:org.selenium.qa.testcases.HomePageTest@3591009c]" started-at="2024-05-17T10:54:03 IST" name="teraDown" finished-at="2024-05-17T10:54:03 IST" duration-ms="175" status="PASS">
          <reporter-output>
          </reporter-output>
        </test-method> <!-- teraDown -->
        <test-method is-config="true" signature="setUp()[pri:0, instance:org.selenium.qa.testcases.HomePageTest@3591009c]" started-at="2024-05-17T10:54:03 IST" name="setUp" finished-at="2024-05-17T10:54:11 IST" duration-ms="7831" status="PASS">
          <reporter-output>
          </reporter-output>
        </test-method> <!-- setUp -->
        <test-method signature="verifyPIM()[pri:3, instance:org.selenium.qa.testcases.HomePageTest@3591009c]" started-at="2024-05-17T10:54:11 IST" name="verifyPIM" finished-at="2024-05-17T10:54:14 IST" duration-ms="2881" status="PASS">
          <reporter-output>
          </reporter-output>
        </test-method> <!-- verifyPIM -->
        <test-method is-config="true" signature="teraDown()[pri:0, instance:org.selenium.qa.testcases.HomePageTest@3591009c]" started-at="2024-05-17T10:54:14 IST" name="teraDown" finished-at="2024-05-17T10:54:14 IST" duration-ms="186" status="PASS">
          <reporter-output>
          </reporter-output>
        </test-method> <!-- teraDown -->
      </class> <!-- org.selenium.qa.testcases.HomePageTest -->
      <class name="org.selenium.qa.testcases.LoginPageTest">
        <test-method is-config="true" signature="setUp()[pri:0, instance:org.selenium.qa.testcases.LoginPageTest@59aa20b3]" started-at="2024-05-17T10:52:51 IST" name="setUp" finished-at="2024-05-17T10:52:59 IST" duration-ms="8592" status="PASS">
          <reporter-output>
          </reporter-output>
        </test-method> <!-- setUp -->
        <test-method signature="loginPageTitleTest()[pri:1, instance:org.selenium.qa.testcases.LoginPageTest@59aa20b3]" started-at="2024-05-17T10:52:59 IST" name="loginPageTitleTest" finished-at="2024-05-17T10:52:59 IST" duration-ms="154" status="PASS">
          <reporter-output>
          </reporter-output>
        </test-method> <!-- loginPageTitleTest -->
        <test-method is-config="true" signature="teraDown()[pri:0, instance:org.selenium.qa.testcases.LoginPageTest@59aa20b3]" started-at="2024-05-17T10:52:59 IST" name="teraDown" finished-at="2024-05-17T10:53:00 IST" duration-ms="129" status="PASS">
          <reporter-output>
          </reporter-output>
        </test-method> <!-- teraDown -->
        <test-method is-config="true" signature="setUp()[pri:0, instance:org.selenium.qa.testcases.LoginPageTest@59aa20b3]" started-at="2024-05-17T10:53:00 IST" name="setUp" finished-at="2024-05-17T10:53:04 IST" duration-ms="4673" status="PASS">
          <reporter-output>
          </reporter-output>
        </test-method> <!-- setUp -->
        <test-method signature="loginTest()[pri:2, instance:org.selenium.qa.testcases.LoginPageTest@59aa20b3]" started-at="2024-05-17T10:53:04 IST" name="loginTest" finished-at="2024-05-17T10:53:09 IST" duration-ms="5083" status="PASS">
          <reporter-output>
          </reporter-output>
        </test-method> <!-- loginTest -->
        <test-method is-config="true" signature="teraDown()[pri:0, instance:org.selenium.qa.testcases.LoginPageTest@59aa20b3]" started-at="2024-05-17T10:53:09 IST" name="teraDown" finished-at="2024-05-17T10:53:09 IST" duration-ms="187" status="PASS">
          <reporter-output>
          </reporter-output>
        </test-method> <!-- teraDown -->
      </class> <!-- org.selenium.qa.testcases.LoginPageTest -->
    </test> <!--  Test Cases Execution -->
  </suite> <!-- Test Automation -->
</testng-results>
